<?xml version="1.0" encoding="UTF-8"?>
<!-- Generated by org.testng.reporters.JUnitXMLReporter -->
<testsuite ignored="0" hostname="DESKTOP-9ML9K9N" failures="0" tests="4" name="TestNG" time="71.459" errors="0" timestamp="2022-03-30T13:58:54 EDT">
  <testcase classname="testLayer.LoginTest" name="Title" time="0.333"/>
  <testcase classname="testLayer.LoginTest" name="login" time="3.354"/>
  <testcase classname="testLayer.LoginTest" name="login" time="3.269"/>
  <testcase classname="testLayer.LoginTest" name="login" time="3.294"/>
</testsuite> <!-- TestNG -->
